2025-11-21 23:47:30.902 | INFO     | __main__:<module>:153 - User requested to run the Itomori
2025-11-21 23:47:30.902 | INFO     | __main__:<module>:153 - User requested to run the Itomori
2025-11-21 23:47:31.152 | INFO     | __main__:on_mount:142 - Applied quick changes and theme changed
2025-11-21 23:47:31.152 | INFO     | __main__:on_mount:142 - Applied quick changes and theme changed
2025-11-21 23:47:40.585 | INFO     | __main__:action_quit:119 - User requested to exit the app!
2025-11-21 23:47:40.585 | INFO     | __main__:action_quit:119 - User requested to exit the app!
2025-11-21 23:47:43.611 | INFO     | __main__:action_quit:119 - User requested to exit the app!
2025-11-21 23:47:43.611 | INFO     | __main__:action_quit:119 - User requested to exit the app!
2025-11-21 23:47:44.484 | INFO     | __main__:action_quit:119 - User requested to exit the app!
2025-11-21 23:47:44.484 | INFO     | __main__:action_quit:119 - User requested to exit the app!
2025-11-21 23:47:48.245 | INFO     | __main__:action_quit:119 - User requested to exit the app!
2025-11-21 23:47:48.245 | INFO     | __main__:action_quit:119 - User requested to exit the app!
2025-11-21 23:48:25.008 | INFO     | __main__:action_quit:119 - User requested to exit the app!
2025-11-21 23:48:25.008 | INFO     | __main__:action_quit:119 - User requested to exit the app!
2025-11-21 23:48:33.351 | INFO     | __main__:action_quit:119 - User requested to exit the app!
2025-11-21 23:48:33.351 | INFO     | __main__:action_quit:119 - User requested to exit the app!
2025-11-21 23:48:35.434 | INFO     | __main__:action_quit:119 - User requested to exit the app!
2025-11-21 23:48:35.434 | INFO     | __main__:action_quit:119 - User requested to exit the app!
2025-11-21 23:52:43.640 | INFO     | __main__:<module>:154 - User requested to run the Itomori
2025-11-21 23:52:43.640 | INFO     | __main__:<module>:154 - User requested to run the Itomori
2025-11-21 23:52:43.674 | INFO     | __main__:on_mount:143 - Applied quick changes and theme changed
2025-11-21 23:52:43.674 | INFO     | __main__:on_mount:143 - Applied quick changes and theme changed
2025-11-21 23:52:47.940 | INFO     | __main__:action_quit:119 - User requested to exit the app!
2025-11-21 23:52:47.940 | INFO     | __main__:action_quit:119 - User requested to exit the app!
2025-11-21 23:53:31.497 | INFO     | __main__:on_mount:143 - Applied quick changes and theme changed
2025-11-21 23:53:31.497 | INFO     | __main__:on_mount:143 - Applied quick changes and theme changed
2025-11-22 00:05:11.315 | INFO     | __main__:on_mount:143 - Applied quick changes and theme changed
2025-11-22 00:05:11.315 | INFO     | __main__:on_mount:143 - Applied quick changes and theme changed
2025-11-22 00:05:17.179 | INFO     | __main__:action_show_row_notes:126 - User requested for exit the Raw notes screen
2025-11-22 00:05:17.179 | INFO     | __main__:action_show_row_notes:126 - User requested for exit the Raw notes screen
2025-11-22 00:05:17.191 | INFO     | components.ViewRawNotes:compose:75 - User requested to view notes
2025-11-22 00:05:17.191 | INFO     | components.ViewRawNotes:compose:75 - User requested to view notes
2025-11-23 14:33:48.556 | INFO     | __main__:on_mount:143 - Applied quick changes and theme changed
2025-11-23 14:33:48.556 | INFO     | __main__:on_mount:143 - Applied quick changes and theme changed
2025-11-23 14:33:53.499 | INFO     | __main__:action_show_row_notes:126 - User requested for exit the Raw notes screen
2025-11-23 14:33:53.499 | INFO     | __main__:action_show_row_notes:126 - User requested for exit the Raw notes screen
2025-11-23 14:33:53.508 | INFO     | components.ViewRawNotes:compose:75 - User requested to view notes
2025-11-23 14:33:53.508 | INFO     | components.ViewRawNotes:compose:75 - User requested to view notes
2025-11-23 14:33:56.380 | INFO     | __main__:action_show_ver:111 - User requested for exit the Version modal screen
2025-11-23 14:33:56.380 | INFO     | __main__:action_show_ver:111 - User requested for exit the Version modal screen
2025-11-23 14:33:58.007 | INFO     | __main__:action_show_row_notes:126 - User requested for exit the Raw notes screen
2025-11-23 14:33:58.007 | INFO     | __main__:action_show_row_notes:126 - User requested for exit the Raw notes screen
2025-11-23 14:33:58.012 | INFO     | components.ViewRawNotes:compose:75 - User requested to view notes
2025-11-23 14:33:58.012 | INFO     | components.ViewRawNotes:compose:75 - User requested to view notes
2025-11-23 14:36:00.063 | INFO     | __main__:on_mount:143 - Applied quick changes and theme changed
2025-11-23 14:36:00.063 | INFO     | __main__:on_mount:143 - Applied quick changes and theme changed
2025-11-23 14:36:00.817 | INFO     | __main__:action_show_row_notes:126 - User requested for exit the Raw notes screen
2025-11-23 14:36:00.817 | INFO     | __main__:action_show_row_notes:126 - User requested for exit the Raw notes screen
2025-11-23 14:36:00.822 | INFO     | components.ViewRawNotes:compose:75 - User requested to view notes
2025-11-23 14:36:00.822 | INFO     | components.ViewRawNotes:compose:75 - User requested to view notes
2025-11-23 15:10:31.641 | INFO     | __main__:on_mount:143 - Applied quick changes and theme changed
2025-11-23 15:10:31.641 | INFO     | __main__:on_mount:143 - Applied quick changes and theme changed
2025-11-23 15:10:32.048 | INFO     | __main__:<module>:155 - User requested to run the Itomori
2025-11-23 15:10:32.048 | INFO     | __main__:<module>:155 - User requested to run the Itomori
2025-11-23 15:11:11.018 | INFO     | __main__:on_mount:142 - Applied quick changes and theme changed
2025-11-23 15:11:11.018 | INFO     | __main__:on_mount:142 - Applied quick changes and theme changed
2025-11-23 15:11:11.308 | INFO     | __main__:<module>:154 - User requested to run the Itomori
2025-11-23 15:11:11.308 | INFO     | __main__:<module>:154 - User requested to run the Itomori
2025-11-23 15:12:28.606 | INFO     | __main__:action_quit:119 - User requested to exit the app!
2025-11-23 15:12:28.606 | INFO     | __main__:action_quit:119 - User requested to exit the app!
2025-11-23 15:12:28.834 | INFO     | __main__:<module>:155 - User requested to run the Itomori
2025-11-23 15:12:28.834 | INFO     | __main__:<module>:155 - User requested to run the Itomori
2025-11-23 15:12:35.147 | INFO     | __main__:on_mount:142 - Applied quick changes and theme changed
2025-11-23 15:12:35.147 | INFO     | __main__:on_mount:142 - Applied quick changes and theme changed
2025-11-23 15:12:35.472 | INFO     | __main__:<module>:158 - User requested to run the Itomori
2025-11-23 15:12:35.472 | INFO     | __main__:<module>:158 - User requested to run the Itomori
2025-11-23 15:13:53.715 | INFO     | __main__:on_mount:137 - Applied quick changes and theme changed
2025-11-23 15:13:53.715 | INFO     | __main__:on_mount:137 - Applied quick changes and theme changed
2025-11-23 15:14:03.141 | INFO     | __main__:action_quit:119 - User requested to exit the app!
2025-11-23 15:14:03.141 | INFO     | __main__:action_quit:119 - User requested to exit the app!
2025-11-23 15:14:03.369 | INFO     | __main__:<module>:153 - User requested to run the Itomori
2025-11-23 15:14:03.369 | INFO     | __main__:<module>:153 - User requested to run the Itomori
2025-11-23 15:14:08.116 | INFO     | __main__:on_mount:137 - Applied quick changes and theme changed
2025-11-23 15:14:08.116 | INFO     | __main__:on_mount:137 - Applied quick changes and theme changed
2025-11-23 15:16:03.161 | INFO     | __main__:on_mount:137 - Applied quick changes and theme changed
2025-11-23 15:16:03.161 | INFO     | __main__:on_mount:137 - Applied quick changes and theme changed
2025-11-23 15:16:25.422 | INFO     | __main__:action_show_row_notes:126 - User requested for exit the Raw notes screen
2025-11-23 15:16:25.422 | INFO     | __main__:action_show_row_notes:126 - User requested for exit the Raw notes screen
2025-11-23 15:16:25.433 | INFO     | components.ViewRawNotes:compose:75 - User requested to view notes
2025-11-23 15:16:25.433 | INFO     | components.ViewRawNotes:compose:75 - User requested to view notes
2025-11-25 00:08:40.677 | INFO     | __main__:on_mount:137 - Applied quick changes and theme changed
2025-11-25 00:08:40.677 | INFO     | __main__:on_mount:137 - Applied quick changes and theme changed
2025-11-25 00:08:50.180 | INFO     | __main__:action_show_row_notes:126 - User requested for exit the Raw notes screen
2025-11-25 00:08:50.180 | INFO     | __main__:action_show_row_notes:126 - User requested for exit the Raw notes screen
2025-11-25 00:08:50.189 | INFO     | components.ViewRawNotes:compose:75 - User requested to view notes
2025-11-25 00:08:50.189 | INFO     | components.ViewRawNotes:compose:75 - User requested to view notes
2025-11-25 00:08:52.314 | INFO     | __main__:action_show_ver:111 - User requested for exit the Version modal screen
2025-11-25 00:08:52.314 | INFO     | __main__:action_show_ver:111 - User requested for exit the Version modal screen
2025-11-25 00:08:54.888 | INFO     | __main__:action_quit:119 - User requested to exit the app!
2025-11-25 00:08:54.888 | INFO     | __main__:action_quit:119 - User requested to exit the app!
2025-11-25 00:08:55.111 | INFO     | __main__:<module>:153 - User requested to run the Itomori
2025-11-25 00:08:55.111 | INFO     | __main__:<module>:153 - User requested to run the Itomori
2025-11-25 16:49:07.218 | INFO     | __main__:on_mount:137 - Applied quick changes and theme changed
2025-11-25 16:49:07.218 | INFO     | __main__:on_mount:137 - Applied quick changes and theme changed
2025-11-25 16:49:13.018 | INFO     | __main__:action_show_ver:111 - User requested for exit the Version modal screen
2025-11-25 16:49:13.018 | INFO     | __main__:action_show_ver:111 - User requested for exit the Version modal screen
2025-11-25 16:49:13.969 | INFO     | __main__:action_show_row_notes:126 - User requested for exit the Raw notes screen
2025-11-25 16:49:13.969 | INFO     | __main__:action_show_row_notes:126 - User requested for exit the Raw notes screen
2025-11-25 16:49:13.975 | INFO     | components.ViewRawNotes:compose:75 - User requested to view notes
2025-11-25 16:49:13.975 | INFO     | components.ViewRawNotes:compose:75 - User requested to view notes
2025-11-25 16:49:23.769 | INFO     | __main__:action_show_row_notes:126 - User requested for exit the Raw notes screen
2025-11-25 16:49:23.769 | INFO     | __main__:action_show_row_notes:126 - User requested for exit the Raw notes screen
2025-11-25 16:49:23.774 | INFO     | components.ViewRawNotes:compose:75 - User requested to view notes
2025-11-25 16:49:23.774 | INFO     | components.ViewRawNotes:compose:75 - User requested to view notes
2025-11-25 16:58:41.707 | INFO     | __main__:on_mount:137 - Applied quick changes and theme changed
2025-11-25 16:58:41.707 | INFO     | __main__:on_mount:137 - Applied quick changes and theme changed
2025-11-25 16:58:42.895 | INFO     | __main__:action_show_ver:111 - User requested for exit the Version modal screen
2025-11-25 16:58:42.895 | INFO     | __main__:action_show_ver:111 - User requested for exit the Version modal screen
2025-11-25 16:58:45.958 | INFO     | __main__:<module>:153 - User requested to run the Itomori
2025-11-25 16:58:45.958 | INFO     | __main__:<module>:153 - User requested to run the Itomori
2025-11-25 17:00:51.691 | INFO     | __main__:on_mount:137 - Applied quick changes and theme changed
2025-11-25 17:00:51.691 | INFO     | __main__:on_mount:137 - Applied quick changes and theme changed
2025-11-25 17:00:53.931 | INFO     | __main__:action_show_row_notes:126 - User requested for exit the Raw notes screen
2025-11-25 17:00:53.931 | INFO     | __main__:action_show_row_notes:126 - User requested for exit the Raw notes screen
2025-11-25 17:00:53.943 | INFO     | components.ViewRawNotes:compose:76 - User requested to view notes
2025-11-25 17:00:53.943 | INFO     | components.ViewRawNotes:compose:76 - User requested to view notes
2025-11-25 17:00:58.119 | INFO     | __main__:action_show_ver:111 - User requested for exit the Version modal screen
2025-11-25 17:00:58.119 | INFO     | __main__:action_show_ver:111 - User requested for exit the Version modal screen
2025-11-25 17:01:31.439 | INFO     | __main__:on_mount:137 - Applied quick changes and theme changed
2025-11-25 17:01:31.439 | INFO     | __main__:on_mount:137 - Applied quick changes and theme changed
2025-11-25 17:01:34.417 | INFO     | __main__:action_show_row_notes:126 - User requested for exit the Raw notes screen
2025-11-25 17:01:34.417 | INFO     | __main__:action_show_row_notes:126 - User requested for exit the Raw notes screen
2025-11-25 17:01:34.423 | INFO     | components.ViewRawNotes:compose:76 - User requested to view notes
2025-11-25 17:01:34.423 | INFO     | components.ViewRawNotes:compose:76 - User requested to view notes
2025-11-25 17:01:44.251 | INFO     | __main__:action_show_row_notes:126 - User requested for exit the Raw notes screen
2025-11-25 17:01:44.251 | INFO     | __main__:action_show_row_notes:126 - User requested for exit the Raw notes screen
2025-11-25 17:01:44.256 | INFO     | components.ViewRawNotes:compose:76 - User requested to view notes
2025-11-25 17:01:44.256 | INFO     | components.ViewRawNotes:compose:76 - User requested to view notes
2025-11-25 17:01:45.270 | INFO     | __main__:action_show_row_notes:126 - User requested for exit the Raw notes screen
2025-11-25 17:01:45.270 | INFO     | __main__:action_show_row_notes:126 - User requested for exit the Raw notes screen
2025-11-25 17:01:45.275 | INFO     | components.ViewRawNotes:compose:76 - User requested to view notes
2025-11-25 17:01:45.275 | INFO     | components.ViewRawNotes:compose:76 - User requested to view notes
2025-11-25 17:01:45.999 | INFO     | __main__:action_show_row_notes:126 - User requested for exit the Raw notes screen
2025-11-25 17:01:45.999 | INFO     | __main__:action_show_row_notes:126 - User requested for exit the Raw notes screen
2025-11-25 17:01:46.004 | INFO     | components.ViewRawNotes:compose:76 - User requested to view notes
2025-11-25 17:01:46.004 | INFO     | components.ViewRawNotes:compose:76 - User requested to view notes
2025-11-25 17:01:46.709 | INFO     | __main__:action_show_row_notes:126 - User requested for exit the Raw notes screen
2025-11-25 17:01:46.709 | INFO     | __main__:action_show_row_notes:126 - User requested for exit the Raw notes screen
2025-11-25 17:01:46.715 | INFO     | components.ViewRawNotes:compose:76 - User requested to view notes
2025-11-25 17:01:46.715 | INFO     | components.ViewRawNotes:compose:76 - User requested to view notes
2025-11-25 17:01:47.566 | INFO     | __main__:action_show_row_notes:126 - User requested for exit the Raw notes screen
2025-11-25 17:01:47.566 | INFO     | __main__:action_show_row_notes:126 - User requested for exit the Raw notes screen
2025-11-25 17:01:47.571 | INFO     | components.ViewRawNotes:compose:76 - User requested to view notes
2025-11-25 17:01:47.571 | INFO     | components.ViewRawNotes:compose:76 - User requested to view notes
2025-11-25 17:01:48.645 | INFO     | __main__:action_show_row_notes:126 - User requested for exit the Raw notes screen
2025-11-25 17:01:48.645 | INFO     | __main__:action_show_row_notes:126 - User requested for exit the Raw notes screen
2025-11-25 17:01:48.649 | INFO     | components.ViewRawNotes:compose:76 - User requested to view notes
2025-11-25 17:01:48.649 | INFO     | components.ViewRawNotes:compose:76 - User requested to view notes
2025-11-25 17:01:49.527 | INFO     | __main__:action_show_row_notes:126 - User requested for exit the Raw notes screen
2025-11-25 17:01:49.527 | INFO     | __main__:action_show_row_notes:126 - User requested for exit the Raw notes screen
2025-11-25 17:01:49.533 | INFO     | components.ViewRawNotes:compose:76 - User requested to view notes
2025-11-25 17:01:49.533 | INFO     | components.ViewRawNotes:compose:76 - User requested to view notes
2025-11-25 17:01:50.335 | INFO     | __main__:action_show_row_notes:126 - User requested for exit the Raw notes screen
2025-11-25 17:01:50.335 | INFO     | __main__:action_show_row_notes:126 - User requested for exit the Raw notes screen
2025-11-25 17:01:50.340 | INFO     | components.ViewRawNotes:compose:76 - User requested to view notes
2025-11-25 17:01:50.340 | INFO     | components.ViewRawNotes:compose:76 - User requested to view notes
2025-11-25 17:01:53.099 | INFO     | __main__:action_quit:119 - User requested to exit the app!
2025-11-25 17:01:53.099 | INFO     | __main__:action_quit:119 - User requested to exit the app!
2025-11-25 17:01:53.321 | INFO     | __main__:<module>:153 - User requested to run the Itomori
2025-11-25 17:01:53.321 | INFO     | __main__:<module>:153 - User requested to run the Itomori
2025-11-26 07:30:14.087 | INFO     | __main__:on_mount:137 - Applied quick changes and theme changed
2025-11-26 07:30:14.087 | INFO     | __main__:on_mount:137 - Applied quick changes and theme changed
2025-11-26 07:30:32.971 | INFO     | __main__:action_show_row_notes:126 - User requested for exit the Raw notes screen
2025-11-26 07:30:32.971 | INFO     | __main__:action_show_row_notes:126 - User requested for exit the Raw notes screen
2025-11-26 07:30:32.981 | INFO     | components.ViewRawNotes:compose:75 - User requested to view notes
2025-11-26 07:30:32.981 | INFO     | components.ViewRawNotes:compose:75 - User requested to view notes
2025-11-26 07:30:36.280 | INFO     | __main__:action_show_ver:111 - User requested for exit the Version modal screen
2025-11-26 07:30:36.280 | INFO     | __main__:action_show_ver:111 - User requested for exit the Version modal screen
2025-11-26 07:30:39.248 | INFO     | __main__:action_quit:119 - User requested to exit the app!
2025-11-26 07:30:39.248 | INFO     | __main__:action_quit:119 - User requested to exit the app!
2025-11-26 07:30:39.471 | INFO     | __main__:<module>:153 - User requested to run the Itomori
2025-11-26 07:30:39.471 | INFO     | __main__:<module>:153 - User requested to run the Itomori
2025-11-26 07:35:50.896 | INFO     | __main__:on_mount:137 - Applied quick changes and theme changed
2025-11-26 07:35:50.896 | INFO     | __main__:on_mount:137 - Applied quick changes and theme changed
2025-11-26 07:36:20.284 | INFO     | __main__:action_show_ver:111 - User requested for exit the Version modal screen
2025-11-26 07:36:20.284 | INFO     | __main__:action_show_ver:111 - User requested for exit the Version modal screen
2025-11-26 07:36:23.516 | INFO     | __main__:action_show_row_notes:126 - User requested for exit the Raw notes screen
2025-11-26 07:36:23.516 | INFO     | __main__:action_show_row_notes:126 - User requested for exit the Raw notes screen
2025-11-26 07:36:23.518 | INFO     | components.ViewRawNotes:compose:75 - User requested to view notes
2025-11-26 07:36:23.518 | INFO     | components.ViewRawNotes:compose:75 - User requested to view notes
2025-11-26 09:30:09.878 | INFO     | __main__:<module>:157 - User requested to run the Itomori
2025-11-26 09:30:09.878 | INFO     | __main__:<module>:157 - User requested to run the Itomori
2025-11-26 09:30:21.255 | INFO     | __main__:<module>:157 - User requested to run the Itomori
2025-11-26 09:30:21.255 | INFO     | __main__:<module>:157 - User requested to run the Itomori
2025-11-26 09:30:37.068 | INFO     | __main__:<module>:157 - User requested to run the Itomori
2025-11-26 09:30:37.068 | INFO     | __main__:<module>:157 - User requested to run the Itomori
2025-11-30 19:00:09.465 | INFO     | __main__:on_mount:156 - Applied quick changes and theme changed
2025-11-30 19:00:09.465 | INFO     | __main__:on_mount:156 - Applied quick changes and theme changed
2025-12-02 15:29:17.385 | INFO     | __main__:on_mount:156 - Applied quick changes and theme changed
2025-12-02 15:29:17.385 | INFO     | __main__:on_mount:156 - Applied quick changes and theme changed
2025-12-02 15:29:33.420 | INFO     | __main__:action_show_ver:130 - User requested for exit the Version modal screen
2025-12-02 15:29:33.420 | INFO     | __main__:action_show_ver:130 - User requested for exit the Version modal screen
2025-12-02 15:29:36.290 | INFO     | __main__:action_show_row_notes:145 - User requested for exit the Raw notes screen
2025-12-02 15:29:36.290 | INFO     | __main__:action_show_row_notes:145 - User requested for exit the Raw notes screen
2025-12-02 15:29:36.304 | INFO     | components.ViewRawNotes:compose:91 - User requested to view notes
2025-12-02 15:29:36.304 | INFO     | components.ViewRawNotes:compose:91 - User requested to view notes
2025-12-02 15:30:14.315 | INFO     | __main__:action_show_row_notes:145 - User requested for exit the Raw notes screen
2025-12-02 15:30:14.315 | INFO     | __main__:action_show_row_notes:145 - User requested for exit the Raw notes screen
2025-12-02 15:30:14.325 | INFO     | components.ViewRawNotes:compose:91 - User requested to view notes
2025-12-02 15:30:14.325 | INFO     | components.ViewRawNotes:compose:91 - User requested to view notes
2025-12-02 16:01:22.285 | INFO     | __main__:on_mount:156 - Applied quick changes and theme changed
2025-12-02 16:01:22.285 | INFO     | __main__:on_mount:156 - Applied quick changes and theme changed
2025-12-02 16:01:30.920 | INFO     | __main__:action_show_ver:130 - User requested for exit the Version modal screen
2025-12-02 16:01:30.920 | INFO     | __main__:action_show_ver:130 - User requested for exit the Version modal screen
2025-12-02 16:01:32.652 | INFO     | __main__:action_show_ver:130 - User requested for exit the Version modal screen
2025-12-02 16:01:32.652 | INFO     | __main__:action_show_ver:130 - User requested for exit the Version modal screen
2025-12-02 16:01:33.552 | INFO     | __main__:action_show_ver:130 - User requested for exit the Version modal screen
2025-12-02 16:01:33.552 | INFO     | __main__:action_show_ver:130 - User requested for exit the Version modal screen
2025-12-02 16:01:34.257 | INFO     | __main__:action_show_ver:130 - User requested for exit the Version modal screen
2025-12-02 16:01:34.257 | INFO     | __main__:action_show_ver:130 - User requested for exit the Version modal screen
2025-12-02 16:01:38.434 | INFO     | __main__:action_show_ver:130 - User requested for exit the Version modal screen
2025-12-02 16:01:38.434 | INFO     | __main__:action_show_ver:130 - User requested for exit the Version modal screen
2025-12-02 16:01:39.291 | INFO     | __main__:action_show_ver:130 - User requested for exit the Version modal screen
2025-12-02 16:01:39.291 | INFO     | __main__:action_show_ver:130 - User requested for exit the Version modal screen
2025-12-02 16:01:40.042 | INFO     | __main__:action_show_ver:130 - User requested for exit the Version modal screen
2025-12-02 16:01:40.042 | INFO     | __main__:action_show_ver:130 - User requested for exit the Version modal screen
2025-12-02 16:01:40.900 | INFO     | __main__:action_show_ver:130 - User requested for exit the Version modal screen
2025-12-02 16:01:40.900 | INFO     | __main__:action_show_ver:130 - User requested for exit the Version modal screen
2025-12-02 16:01:41.707 | INFO     | __main__:action_show_ver:130 - User requested for exit the Version modal screen
2025-12-02 16:01:41.707 | INFO     | __main__:action_show_ver:130 - User requested for exit the Version modal screen
2025-12-02 16:01:42.490 | INFO     | __main__:action_show_ver:130 - User requested for exit the Version modal screen
2025-12-02 16:01:42.490 | INFO     | __main__:action_show_ver:130 - User requested for exit the Version modal screen
2025-12-02 16:01:43.322 | INFO     | __main__:action_show_ver:130 - User requested for exit the Version modal screen
2025-12-02 16:01:43.322 | INFO     | __main__:action_show_ver:130 - User requested for exit the Version modal screen
2025-12-02 16:01:44.142 | INFO     | __main__:action_show_ver:130 - User requested for exit the Version modal screen
2025-12-02 16:01:44.142 | INFO     | __main__:action_show_ver:130 - User requested for exit the Version modal screen
2025-12-02 16:01:44.888 | INFO     | __main__:action_show_ver:130 - User requested for exit the Version modal screen
2025-12-02 16:01:44.888 | INFO     | __main__:action_show_ver:130 - User requested for exit the Version modal screen
2025-12-02 16:01:45.734 | INFO     | __main__:action_show_ver:130 - User requested for exit the Version modal screen
2025-12-02 16:01:45.734 | INFO     | __main__:action_show_ver:130 - User requested for exit the Version modal screen
2025-12-02 16:01:47.188 | INFO     | __main__:action_show_ver:130 - User requested for exit the Version modal screen
2025-12-02 16:01:47.188 | INFO     | __main__:action_show_ver:130 - User requested for exit the Version modal screen
2025-12-02 16:02:25.907 | INFO     | __main__:on_mount:156 - Applied quick changes and theme changed
2025-12-02 16:02:25.907 | INFO     | __main__:on_mount:156 - Applied quick changes and theme changed
2025-12-02 16:02:27.161 | INFO     | __main__:action_show_ver:130 - User requested for exit the Version modal screen
2025-12-02 16:02:27.161 | INFO     | __main__:action_show_ver:130 - User requested for exit the Version modal screen
2025-12-02 16:02:35.427 | INFO     | __main__:action_show_ver:130 - User requested for exit the Version modal screen
2025-12-02 16:02:35.427 | INFO     | __main__:action_show_ver:130 - User requested for exit the Version modal screen
2025-12-02 16:02:36.391 | INFO     | __main__:action_show_row_notes:145 - User requested for exit the Raw notes screen
2025-12-02 16:02:36.391 | INFO     | __main__:action_show_row_notes:145 - User requested for exit the Raw notes screen
2025-12-02 16:02:36.397 | INFO     | components.ViewRawNotes:compose:91 - User requested to view notes
2025-12-02 16:02:36.397 | INFO     | components.ViewRawNotes:compose:91 - User requested to view notes
2025-12-02 16:02:37.470 | INFO     | __main__:action_show_ver:130 - User requested for exit the Version modal screen
2025-12-02 16:02:37.470 | INFO     | __main__:action_show_ver:130 - User requested for exit the Version modal screen
2025-12-02 16:02:38.501 | INFO     | __main__:action_show_ver:130 - User requested for exit the Version modal screen
2025-12-02 16:02:38.501 | INFO     | __main__:action_show_ver:130 - User requested for exit the Version modal screen
2025-12-02 16:03:00.537 | INFO     | __main__:on_mount:156 - Applied quick changes and theme changed
2025-12-02 16:03:00.537 | INFO     | __main__:on_mount:156 - Applied quick changes and theme changed
2025-12-02 16:03:00.992 | INFO     | __main__:action_show_ver:130 - User requested for exit the Version modal screen
2025-12-02 16:03:00.992 | INFO     | __main__:action_show_ver:130 - User requested for exit the Version modal screen
2025-12-02 16:04:28.279 | INFO     | __main__:on_mount:156 - Applied quick changes and theme changed
2025-12-02 16:04:28.279 | INFO     | __main__:on_mount:156 - Applied quick changes and theme changed
2025-12-02 16:04:28.914 | INFO     | __main__:action_show_ver:130 - User requested for exit the Version modal screen
2025-12-02 16:04:28.914 | INFO     | __main__:action_show_ver:130 - User requested for exit the Version modal screen
2025-12-02 16:04:50.014 | INFO     | __main__:on_mount:156 - Applied quick changes and theme changed
2025-12-02 16:04:50.014 | INFO     | __main__:on_mount:156 - Applied quick changes and theme changed
2025-12-02 16:04:50.450 | INFO     | __main__:action_show_ver:130 - User requested for exit the Version modal screen
2025-12-02 16:04:50.450 | INFO     | __main__:action_show_ver:130 - User requested for exit the Version modal screen
2025-12-02 16:19:30.131 | INFO     | __main__:on_mount:156 - Applied quick changes and theme changed
2025-12-02 16:19:30.131 | INFO     | __main__:on_mount:156 - Applied quick changes and theme changed
2025-12-02 16:19:33.440 | INFO     | __main__:action_show_ver:130 - User requested for exit the Version modal screen
2025-12-02 16:19:33.440 | INFO     | __main__:action_show_ver:130 - User requested for exit the Version modal screen
2025-12-02 16:20:29.711 | INFO     | __main__:on_mount:156 - Applied quick changes and theme changed
2025-12-02 16:20:29.711 | INFO     | __main__:on_mount:156 - Applied quick changes and theme changed
2025-12-02 16:20:31.499 | INFO     | __main__:action_show_ver:130 - User requested for exit the Version modal screen
2025-12-02 16:20:31.499 | INFO     | __main__:action_show_ver:130 - User requested for exit the Version modal screen
2025-12-02 16:23:34.153 | INFO     | __main__:on_mount:156 - Applied quick changes and theme changed
2025-12-02 16:23:34.153 | INFO     | __main__:on_mount:156 - Applied quick changes and theme changed
2025-12-02 16:23:36.385 | INFO     | __main__:action_show_ver:130 - User requested for exit the Version modal screen
2025-12-02 16:23:36.385 | INFO     | __main__:action_show_ver:130 - User requested for exit the Version modal screen
2025-12-02 16:23:37.349 | INFO     | __main__:<module>:172 - User requested to run the Itomori
2025-12-02 16:23:37.349 | INFO     | __main__:<module>:172 - User requested to run the Itomori
2025-12-02 16:23:56.569 | INFO     | __main__:on_mount:156 - Applied quick changes and theme changed
2025-12-02 16:23:56.569 | INFO     | __main__:on_mount:156 - Applied quick changes and theme changed
2025-12-02 16:23:58.998 | INFO     | __main__:action_show_ver:130 - User requested for exit the Version modal screen
2025-12-02 16:23:58.998 | INFO     | __main__:action_show_ver:130 - User requested for exit the Version modal screen
2025-12-02 16:24:04.618 | INFO     | __main__:<module>:172 - User requested to run the Itomori
2025-12-02 16:24:04.618 | INFO     | __main__:<module>:172 - User requested to run the Itomori
2025-12-02 16:27:54.112 | INFO     | __main__:on_mount:156 - Applied quick changes and theme changed
2025-12-02 16:27:54.112 | INFO     | __main__:on_mount:156 - Applied quick changes and theme changed
2025-12-02 16:27:55.745 | INFO     | __main__:action_show_ver:130 - User requested for exit the Version modal screen
2025-12-02 16:27:55.745 | INFO     | __main__:action_show_ver:130 - User requested for exit the Version modal screen
2025-12-02 16:27:57.674 | INFO     | __main__:<module>:172 - User requested to run the Itomori
2025-12-02 16:27:57.674 | INFO     | __main__:<module>:172 - User requested to run the Itomori
2025-12-02 16:30:08.119 | INFO     | __main__:on_mount:156 - Applied quick changes and theme changed
2025-12-02 16:30:08.119 | INFO     | __main__:on_mount:156 - Applied quick changes and theme changed
2025-12-02 16:30:08.975 | INFO     | __main__:action_show_ver:130 - User requested for exit the Version modal screen
2025-12-02 16:30:08.975 | INFO     | __main__:action_show_ver:130 - User requested for exit the Version modal screen
2025-12-02 16:34:06.341 | INFO     | __main__:<module>:172 - User requested to run the Itomori
2025-12-02 16:34:06.341 | INFO     | __main__:<module>:172 - User requested to run the Itomori
2025-12-02 16:34:11.027 | INFO     | __main__:<module>:172 - User requested to run the Itomori
2025-12-02 16:34:11.027 | INFO     | __main__:<module>:172 - User requested to run the Itomori
2025-12-02 16:34:30.268 | INFO     | __main__:on_mount:156 - Applied quick changes and theme changed
2025-12-02 16:34:30.268 | INFO     | __main__:on_mount:156 - Applied quick changes and theme changed
2025-12-02 16:34:34.622 | INFO     | __main__:action_show_ver:130 - User requested for exit the Version modal screen
2025-12-02 16:34:34.622 | INFO     | __main__:action_show_ver:130 - User requested for exit the Version modal screen
2025-12-02 16:35:04.047 | INFO     | __main__:action_quit:138 - User requested to exit the app!
2025-12-02 16:35:04.047 | INFO     | __main__:action_quit:138 - User requested to exit the app!
2025-12-02 16:35:04.271 | INFO     | __main__:<module>:172 - User requested to run the Itomori
2025-12-02 16:35:04.271 | INFO     | __main__:<module>:172 - User requested to run the Itomori
2025-12-02 16:35:07.155 | INFO     | __main__:on_mount:156 - Applied quick changes and theme changed
2025-12-02 16:35:07.155 | INFO     | __main__:on_mount:156 - Applied quick changes and theme changed
2025-12-02 16:35:08.852 | INFO     | __main__:action_show_ver:130 - User requested for exit the Version modal screen
2025-12-02 16:35:08.852 | INFO     | __main__:action_show_ver:130 - User requested for exit the Version modal screen
2025-12-02 16:37:05.172 | INFO     | __main__:action_quit:138 - User requested to exit the app!
2025-12-02 16:37:05.172 | INFO     | __main__:action_quit:138 - User requested to exit the app!
2025-12-02 16:37:05.400 | INFO     | __main__:<module>:172 - User requested to run the Itomori
2025-12-02 16:37:05.400 | INFO     | __main__:<module>:172 - User requested to run the Itomori
2025-12-02 16:37:08.108 | INFO     | __main__:on_mount:156 - Applied quick changes and theme changed
2025-12-02 16:37:08.108 | INFO     | __main__:on_mount:156 - Applied quick changes and theme changed
2025-12-02 16:37:09.488 | INFO     | __main__:action_show_ver:130 - User requested for exit the Version modal screen
2025-12-02 16:37:09.488 | INFO     | __main__:action_show_ver:130 - User requested for exit the Version modal screen
2025-12-02 16:39:22.926 | INFO     | __main__:action_quit:138 - User requested to exit the app!
2025-12-02 16:39:22.926 | INFO     | __main__:action_quit:138 - User requested to exit the app!
2025-12-02 16:39:23.164 | INFO     | __main__:<module>:172 - User requested to run the Itomori
2025-12-02 16:39:23.164 | INFO     | __main__:<module>:172 - User requested to run the Itomori
